Using pre-set license
Built from '2020.3/staging' branch; Version is '2020.3.9f1 (108be757e447) revision 1084391'; Using compiler version '192528614'; Build Type 'Release'
OS: 'Windows 10 Home; OS build 19042.985; Version 2009; 64bit' Language: 'en' Physical Memory: 16318 MB
BatchMode: 1, IsHumanControllingUs: 0, StartBugReporterOnCrash: 0, Is64bit: 1, IsPro: 0

 COMMAND LINE ARGUMENTS:
C:\Program Files\Unity\Hub\Editor\2020.3.9f1\Editor\Unity.exe
-adb2
-batchMode
-noUpm
-name
AssetImportWorker0
-projectPath
D:/Projects/WhackAMole
-logFile
Logs/AssetImportWorker0.log
-srvPort
56212
Successfully changed project path to: D:/Projects/WhackAMole
D:/Projects/WhackAMole
Using Asset Import Pipeline V2.
Refreshing native plugins compatible for Editor in 37.22 ms, found 1 plugins.
Preloading 1 native plugins for Editor in 1.11 ms.
Initialize engine version: 2020.3.9f1 (108be757e447)
[Subsystems] Discovering subsystems at path C:/Program Files/Unity/Hub/Editor/2020.3.9f1/Editor/Data/Resources/UnitySubsystems
[Subsystems] Discovering subsystems at path D:/Projects/WhackAMole/Assets
GfxDevice: creating device client; threaded=0
Direct3D:
    Version:  Direct3D 11.0 [level 11.1]
    Renderer: NVIDIA GeForce GTX 1080 Ti (ID=0x1b06)
    Vendor:   
    VRAM:     11127 MB
    Driver:   27.21.14.6589
Initialize mono
Mono path[0] = 'C:/Program Files/Unity/Hub/Editor/2020.3.9f1/Editor/Data/Managed'
Mono path[1] = 'C:/Program Files/Unity/Hub/Editor/2020.3.9f1/Editor/Data/MonoBleedingEdge/lib/mono/unityjit'
Mono config path = 'C:/Program Files/Unity/Hub/Editor/2020.3.9f1/Editor/Data/MonoBleedingEdge/etc'
Using monoOptions --debugger-agent=transport=dt_socket,embedding=1,server=y,suspend=n,address=127.0.0.1:56868
Begin MonoManager ReloadAssembly
Registering precompiled unity dll's ...
Register platform support module: C:/Program Files/Unity/Hub/Editor/2020.3.9f1/Editor/Data/PlaybackEngines/MacStandaloneSupport/UnityEditor.OSXStandalone.Extensions.dll
Register platform support module: C:/Program Files/Unity/Hub/Editor/2020.3.9f1/Editor/Data/PlaybackEngines/WindowsStandaloneSupport/UnityEditor.WindowsStandalone.Extensions.dll
Registered in 0.002237 seconds.
Native extension for WindowsStandalone target not found
Native extension for OSXStandalone target not found
Refreshing native plugins compatible for Editor in 32.57 ms, found 1 plugins.
Preloading 1 native plugins for Editor in 0.05 ms.
Mono: successfully reloaded assembly
- Completed reload, in  1.637 seconds
Platform modules already initialized, skipping
Registering precompiled user dll's ...
Registered in 0.001180 seconds.
Begin MonoManager ReloadAssembly
Native extension for WindowsStandalone target not found
Native extension for OSXStandalone target not found
Refreshing native plugins compatible for Editor in 0.34 ms, found 1 plugins.
Preloading 1 native plugins for Editor in 0.05 ms.
Mono: successfully reloaded assembly
- Completed reload, in  0.691 seconds
Platform modules already initialized, skipping
========================================================================
Worker process is ready to serve import requests
Launched and connected shader compiler UnityShaderCompiler.exe after 0.05 seconds
Refreshing native plugins compatible for Editor in 0.33 ms, found 1 plugins.
Preloading 1 native plugins for Editor in 0.05 ms.
Unloading 1192 Unused Serialized files (Serialized files now loaded: 0)
System memory in use before: 59.7 MB.
System memory in use after: 59.8 MB.

Unloading 30 unused Assets to reduce memory usage. Loaded Objects now: 1614.
Total: 1.418700 ms (FindLiveObjects: 0.099300 ms CreateObjectMapping: 0.028000 ms MarkObjects: 1.223200 ms  DeleteObjects: 0.067300 ms)

========================================================================
Received Import Request.
  path: Assets/GoogleVR
  artifactKey: Guid(01bd37f55554b4411813312753a2063c) Importer(815301076,1909f56bfc062723c751e8b465ee728b)
Start importing Assets/GoogleVR using Guid(01bd37f55554b4411813312753a2063c) Importer(815301076,1909f56bfc062723c751e8b465ee728b)  -> (artifact id: '0b898bf29dbe4c35cc7657ca6d404927') in 0.007242 seconds
  Import took 0.008789 seconds .

========================================================================
Received Import Request.
  Time since last request: 2.739695 seconds.
  path: Assets/GoogleVR/Prefabs
  artifactKey: Guid(80e6cdf429de247a792161c31b9b2ce2) Importer(815301076,1909f56bfc062723c751e8b465ee728b)
Start importing Assets/GoogleVR/Prefabs using Guid(80e6cdf429de247a792161c31b9b2ce2) Importer(815301076,1909f56bfc062723c751e8b465ee728b)  -> (artifact id: '9c093e3bb32858dcdffdf8f13918bca4') in 0.007654 seconds
  Import took 0.009255 seconds .

========================================================================
Received Import Request.
  Time since last request: 0.055070 seconds.
  path: Assets/GoogleVR/Prefabs/GvrViewerMain.prefab
  artifactKey: Guid(970dd4b9371394fb4890965f608d46fd) Importer(815301076,1909f56bfc062723c751e8b465ee728b)
Start importing Assets/GoogleVR/Prefabs/GvrViewerMain.prefab using Guid(970dd4b9371394fb4890965f608d46fd) Importer(815301076,1909f56bfc062723c751e8b465ee728b)  -> (artifact id: 'c66fdd2a97cca06918e4deef1d0d485e') in 0.046445 seconds
  Import took 0.048077 seconds .

========================================================================
Received Prepare
Registering precompiled user dll's ...
Registered in 0.001213 seconds.
Begin MonoManager ReloadAssembly
Native extension for WindowsStandalone target not found
Native extension for OSXStandalone target not found
Refreshing native plugins compatible for Editor in 0.34 ms, found 1 plugins.
Preloading 1 native plugins for Editor in 0.10 ms.
Mono: successfully reloaded assembly
- Completed reload, in  0.662 seconds
Platform modules already initialized, skipping
Refreshing native plugins compatible for Editor in 0.36 ms, found 1 plugins.
Preloading 1 native plugins for Editor in 0.04 ms.
Unloading 1184 Unused Serialized files (Serialized files now loaded: 0)
System memory in use before: 59.4 MB.
System memory in use after: 59.4 MB.

Unloading 25 unused Assets to reduce memory usage. Loaded Objects now: 1617.
Total: 1.398900 ms (FindLiveObjects: 0.098600 ms CreateObjectMapping: 0.027900 ms MarkObjects: 1.232400 ms  DeleteObjects: 0.039400 ms)

========================================================================
Received Import Request.
  Time since last request: 85.845805 seconds.
  path: Assets/GoogleVR/Prefabs/UI
  artifactKey: Guid(2df99f75b699d4c44850f4c4fecc87a1) Importer(815301076,1909f56bfc062723c751e8b465ee728b)
Start importing Assets/GoogleVR/Prefabs/UI using Guid(2df99f75b699d4c44850f4c4fecc87a1) Importer(815301076,1909f56bfc062723c751e8b465ee728b)  -> (artifact id: '0d8b024ac5b080e17632a1d30cb0041a') in 0.007691 seconds
  Import took 0.009266 seconds .

========================================================================
Received Import Request.
  Time since last request: 0.055176 seconds.
  path: Assets/GoogleVR/Prefabs/UI/GvrReticle.prefab
  artifactKey: Guid(60270cf52a5e94998a5a335989159738) Importer(815301076,1909f56bfc062723c751e8b465ee728b)
Start importing Assets/GoogleVR/Prefabs/UI/GvrReticle.prefab using Guid(60270cf52a5e94998a5a335989159738) Importer(815301076,1909f56bfc062723c751e8b465ee728b)  -> (artifact id: '42ee2e76f97d136abfa6f4c9921d8197') in 0.022164 seconds
  Import took 0.023939 seconds .

========================================================================
Received Prepare
Registering precompiled user dll's ...
Registered in 0.001490 seconds.
Begin MonoManager ReloadAssembly
Native extension for WindowsStandalone target not found
Native extension for OSXStandalone target not found
Refreshing native plugins compatible for Editor in 0.36 ms, found 1 plugins.
Preloading 1 native plugins for Editor in 0.05 ms.
Mono: successfully reloaded assembly
- Completed reload, in  0.683 seconds
Platform modules already initialized, skipping
Refreshing native plugins compatible for Editor in 0.34 ms, found 1 plugins.
Preloading 1 native plugins for Editor in 0.04 ms.
Unloading 1184 Unused Serialized files (Serialized files now loaded: 0)
System memory in use before: 59.4 MB.
System memory in use after: 59.5 MB.

Unloading 25 unused Assets to reduce memory usage. Loaded Objects now: 1620.
Total: 1.425300 ms (FindLiveObjects: 0.128500 ms CreateObjectMapping: 0.033900 ms MarkObjects: 1.221100 ms  DeleteObjects: 0.041000 ms)

